0 info it worked if it ends with ok
1 verbose cli [ '/usr/local/bin/node', '/usr/local/bin/npm', 'publish' ]
2 info using npm@3.8.3
3 info using node@v5.10.1
4 verbose publish [ '.' ]
5 silly cache add args [ '.', null ]
6 verbose cache add spec .
7 silly cache add parsed spec Result {
7 silly cache add   raw: '.',
7 silly cache add   scope: null,
7 silly cache add   name: null,
7 silly cache add   rawSpec: '.',
7 silly cache add   spec: '/Users/sharon/Work/workspace/vue/vue-touch-sharon',
7 silly cache add   type: 'directory' }
8 verbose addLocalDirectory /Users/sharon/.npm/vue-touchjs/0.0.5/package.tgz not in flight; packing
9 verbose correctMkdir /Users/sharon/.npm correctMkdir not in flight; initializing
10 info lifecycle vue-touchjs@0.0.5~prepublish: vue-touchjs@0.0.5
11 silly lifecycle vue-touchjs@0.0.5~prepublish: no script for prepublish, continuing
12 verbose tar pack [ '/Users/sharon/.npm/vue-touchjs/0.0.5/package.tgz',
12 verbose tar pack   '/Users/sharon/Work/workspace/vue/vue-touch-sharon' ]
13 verbose tarball /Users/sharon/.npm/vue-touchjs/0.0.5/package.tgz
14 verbose folder /Users/sharon/Work/workspace/vue/vue-touch-sharon
15 verbose addLocalTarball adding from inside cache /Users/sharon/.npm/vue-touchjs/0.0.5/package.tgz
16 verbose correctMkdir /Users/sharon/.npm correctMkdir not in flight; initializing
17 silly cache afterAdd vue-touchjs@0.0.5
18 verbose afterAdd /Users/sharon/.npm/vue-touchjs/0.0.5/package/package.json not in flight; writing
19 verbose correctMkdir /Users/sharon/.npm correctMkdir not in flight; initializing
20 verbose afterAdd /Users/sharon/.npm/vue-touchjs/0.0.5/package/package.json written
21 silly publish { name: 'vue-touchjs',
21 silly publish   version: '0.0.5',
21 silly publish   main: 'src/index.js',
21 silly publish   author: { name: 'ixuan.lee@gmail.com' },
21 silly publish   files: [ 'dist', 'src', 'lib', 'example' ],
21 silly publish   description: 'Touch.js based touch events plugin for Vue.js',
21 silly publish   license: 'MIT',
21 silly publish   repository:
21 silly publish    { type: 'git',
21 silly publish      url: 'git+https://github.com/sharonlx/touchjs.git' },
21 silly publish   bugs: { url: 'https://github.com/sharonlx/touchjs/issues' },
21 silly publish   devDependencies: { 'uglify-js': '^2.7.3', vue: '^2.2.1', webpack: '^2.2.1' },
21 silly publish   scripts:
21 silly publish    { build: 'webpack src/index.js dist/index.js',
21 silly publish      dev: 'webpack --watch example/example.js example/example.build.js' },
21 silly publish   homepage: 'https://github.com/sharonlx/vue-touch#readme',
21 silly publish   directories: { example: 'example' },
21 silly publish   peerDependencies: { vue: '^2.2.1' },
21 silly publish   keywords: [ 'vue2 touch gesture', 'vue2', 'touch' ],
21 silly publish   readme: '#REAME',
21 silly publish   readmeFilename: 'README.md',
21 silly publish   gitHead: 'cec5fc2fecfbf84ca21afcd7375091c324fbf65c',
21 silly publish   _id: 'vue-touchjs@0.0.5',
21 silly publish   _shasum: 'cc7e774f9e7bd467f6573d1bea3f4144b32fde61',
21 silly publish   _from: '.' }
22 verbose getPublishConfig undefined
23 silly mapToRegistry name vue-touchjs
24 silly mapToRegistry using default registry
25 silly mapToRegistry registry https://registry.npmjs.org/
26 silly mapToRegistry data Result {
26 silly mapToRegistry   raw: 'vue-touchjs',
26 silly mapToRegistry   scope: null,
26 silly mapToRegistry   name: 'vue-touchjs',
26 silly mapToRegistry   rawSpec: '',
26 silly mapToRegistry   spec: 'latest',
26 silly mapToRegistry   type: 'tag' }
27 silly mapToRegistry uri https://registry.npmjs.org/vue-touchjs
28 verbose publish registryBase https://registry.npmjs.org/
29 silly publish uploading /Users/sharon/.npm/vue-touchjs/0.0.5/package.tgz
30 verbose request uri https://registry.npmjs.org/vue-touchjs
31 verbose request sending authorization for write operation
32 info attempt registry request try #1 at 15:19:14
33 verbose request using bearer token for auth
34 verbose request id 98e41331e771ae04
35 http request PUT https://registry.npmjs.org/vue-touchjs
36 http 403 https://registry.npmjs.org/vue-touchjs
37 verbose headers { 'content-type': 'application/json',
37 verbose headers   'cache-control': 'max-age=300',
37 verbose headers   'content-length': '95',
37 verbose headers   'accept-ranges': 'bytes',
37 verbose headers   date: 'Thu, 02 Mar 2017 07:19:17 GMT',
37 verbose headers   via: '1.1 varnish',
37 verbose headers   connection: 'keep-alive',
37 verbose headers   'x-served-by': 'cache-hkg6820-HKG',
37 verbose headers   'x-cache': 'MISS',
37 verbose headers   'x-cache-hits': '0',
37 verbose headers   'x-timer': 'S1488439156.436391,VS0,VE1270',
37 verbose headers   vary: 'Accept-Encoding' }
38 verbose request invalidating /Users/sharon/.npm/registry.npmjs.org/vue-touchjs on PUT
39 error publish Failed PUT 403
40 verbose stack Error: "You cannot publish over the previously published version 0.0.5." : vue-touchjs
40 verbose stack     at makeError (/usr/local/lib/node_modules/npm/node_modules/npm-registry-client/lib/request.js:264:12)
40 verbose stack     at CachingRegistryClient.<anonymous> (/usr/local/lib/node_modules/npm/node_modules/npm-registry-client/lib/request.js:252:14)
40 verbose stack     at Request._callback (/usr/local/lib/node_modules/npm/node_modules/npm-registry-client/lib/request.js:172:14)
40 verbose stack     at Request.self.callback (/usr/local/lib/node_modules/npm/node_modules/request/request.js:199:22)
40 verbose stack     at emitTwo (events.js:100:13)
40 verbose stack     at Request.emit (events.js:185:7)
40 verbose stack     at Request.<anonymous> (/usr/local/lib/node_modules/npm/node_modules/request/request.js:1036:10)
40 verbose stack     at emitOne (events.js:95:20)
40 verbose stack     at Request.emit (events.js:182:7)
40 verbose stack     at IncomingMessage.<anonymous> (/usr/local/lib/node_modules/npm/node_modules/request/request.js:963:12)
41 verbose statusCode 403
42 verbose pkgid vue-touchjs
43 verbose cwd /Users/sharon/Work/workspace/vue/vue-touch-sharon
44 error Darwin 16.4.0
45 error argv "/usr/local/bin/node" "/usr/local/bin/npm" "publish"
46 error node v5.10.1
47 error npm  v3.8.3
48 error code E403
49 error "You cannot publish over the previously published version 0.0.5." : vue-touchjs
50 error If you need help, you may report this error at:
50 error     <https://github.com/npm/npm/issues>
51 verbose exit [ 1, true ]
